c:\users\ravin\onedrive\oop345\w3\w3\debug\vc140.pdb
c:\users\ravin\onedrive\oop345\w3\w3\debug\vc140.idb
c:\users\ravin\onedrive\oop345\w3\w3\debug\check.obj
c:\users\ravin\onedrive\oop345\w3\w3\debug\text.obj
c:\users\ravin\onedrive\oop345\w3\w3\debug\main.obj
c:\users\ravin\onedrive\oop345\w3\debug\w3.ilk
c:\users\ravin\onedrive\oop345\w3\debug\w3.exe
c:\users\ravin\onedrive\oop345\w3\debug\w3.pdb
c:\users\ravin\onedrive\oop345\w3\w3\debug\w3.tlog\cl.command.1.tlog
c:\users\ravin\onedrive\oop345\w3\w3\debug\w3.tlog\cl.read.1.tlog
c:\users\ravin\onedrive\oop345\w3\w3\debug\w3.tlog\cl.write.1.tlog
c:\users\ravin\onedrive\oop345\w3\w3\debug\w3.tlog\link.15836-cvtres.read.1.tlog
c:\users\ravin\onedrive\oop345\w3\w3\debug\w3.tlog\link.15836-cvtres.write.1.tlog
c:\users\ravin\onedrive\oop345\w3\w3\debug\w3.tlog\link.15836-rc.read.1.tlog
c:\users\ravin\onedrive\oop345\w3\w3\debug\w3.tlog\link.15836-rc.write.1.tlog
c:\users\ravin\onedrive\oop345\w3\w3\debug\w3.tlog\link.15836.read.1.tlog
c:\users\ravin\onedrive\oop345\w3\w3\debug\w3.tlog\link.15836.write.1.tlog
c:\users\ravin\onedrive\oop345\w3\w3\debug\w3.tlog\link.command.1.tlog
c:\users\ravin\onedrive\oop345\w3\w3\debug\w3.tlog\link.read.1.tlog
c:\users\ravin\onedrive\oop345\w3\w3\debug\w3.tlog\link.write.1.tlog
